<?xml version="1.0" encoding="UTF-8"?>
<testsuite name="org.aludratest.service.gui.integrationtest.selenium2.Selenium2ButtonTest" time="67.084" tests="8" errors="0" skipped="0" failures="0">
  <properties>
[...]
</properties>
  <testcase name="equalsWithSpaceInMiddle" classname="org.aludratest.service.gui.integrationtest.selenium2.Selenium2ButtonTest" time="10.421"/>
  <testcase name="enabledOnEnabledButtonWithTimeout" classname="org.aludratest.service.gui.integrationtest.selenium2.Selenium2ButtonTest" time="6.11"/>
  <testcase name="enabledOnEnabledButton" classname="org.aludratest.service.gui.integrationtest.selenium2.Selenium2ButtonTest" time="6.147"/>
  <testcase name="textMatches" classname="org.aludratest.service.gui.integrationtest.selenium2.Selenium2ButtonTest" time="10.02"/>
  <testcase name="equalsWithDifferentLength" classname="org.aludratest.service.gui.integrationtest.selenium2.Selenium2ButtonTest" time="9.249"/>
  <testcase name="enabledOnDisabledButtonWithTimeout" classname="org.aludratest.service.gui.integrationtest.selenium2.Selenium2ButtonTest" time="7.105"/>
  <testcase name="assertTextEqualsIgnoreCaseTrimmedWithCorrectText" classname="org.aludratest.service.gui.integrationtest.selenium2.Selenium2ButtonTest" time="10.252"/>
  <testcase name="enabledOnDisabledButton" classname="org.aludratest.service.gui.integrationtest.selenium2.Selenium2ButtonTest" time="7.78"/>
</testsuite>